2023-04-12 22:39:23 INFO  Log4j:20 - Test is Starting...
2023-04-12 22:39:23 INFO  Log4j:25 - Test is Ending...
2023-04-12 22:42:55 INFO  Log4j:20 - Test is Starting...
2023-04-12 22:42:55 INFO  Log4j:25 - Test is Ending...
2023-04-12 22:46:01 INFO  Log4j:20 - Test is Starting...
2023-04-12 22:46:01 INFO  Log4j:25 - Test is Ending...
2023-04-12 22:56:08 INFO  Log4j:20 - Test is Starting...
2023-04-12 22:56:08 INFO  Log4j:30 - Opening the website:https://admin.slt-dev.attrecto-dev.com/app.url
2023-04-12 22:56:11 INFO  Log4j:30 - Enter email
2023-04-12 22:56:11 INFO  Log4j:25 - Test is Ending...
2023-04-12 23:01:08 INFO  Log4j:20 - Test is Starting...
2023-04-12 23:01:08 INFO  Log4j:30 - Opening the website:https://admin.slt-dev.attrecto-dev.com/dev
2023-04-12 23:01:10 INFO  Log4j:30 - Enter email
2023-04-12 23:01:10 INFO  Log4j:25 - Test is Ending...
2023-04-12 23:01:19 INFO  Log4j:20 - Test is Starting...
2023-04-12 23:01:19 INFO  Log4j:30 - Opening the website:https://admin.slt-dev.attrecto-dev.com/login
2023-04-12 23:01:21 INFO  Log4j:30 - Enter email
2023-04-12 23:01:21 INFO  Log4j:25 - Test is Ending...
2023-04-12 23:04:05 INFO  Log4j:20 - Test is Starting...
2023-04-12 23:04:05 INFO  Log4j:30 - Opening the website:https://admin.slt-dev.attrecto-dev.com/login
2023-04-12 23:04:06 INFO  Log4j:30 - Enter email
2023-04-12 23:04:07 INFO  Log4j:30 - Enter password
2023-04-12 23:04:07 INFO  Log4j:25 - Test is Ending...
2023-04-12 23:05:46 INFO  Log4j:20 - Test is Starting...
2023-04-12 23:05:46 INFO  Log4j:30 - Opening the website:https://admin.slt-dev.attrecto-dev.com/login
2023-04-12 23:05:48 INFO  Log4j:30 - Enter email
2023-04-12 23:05:49 INFO  Log4j:30 - Enter password
2023-04-12 23:05:49 INFO  Log4j:30 - Click on login button
2023-04-12 23:05:49 INFO  Log4j:30 - Click on Login button
2023-04-12 23:05:49 INFO  Log4j:25 - Test is Ending...
2023-04-12 23:14:43 INFO  Log4j:20 - Test is Starting...
2023-04-12 23:14:43 INFO  Log4j:30 - Opening the website:https://admin.slt-dev.attrecto-dev.com/login
2023-04-12 23:14:45 INFO  Log4j:30 - Enter email
2023-04-12 23:14:45 INFO  Log4j:30 - Enter password
2023-04-12 23:14:45 INFO  Log4j:30 - Click on login button
2023-04-12 23:14:45 INFO  Log4j:30 - Click on Login button
2023-04-12 23:14:50 INFO  Log4j:25 - Test is Ending...
2023-04-12 23:34:14 INFO  Log4j:20 - Test is Starting...
2023-04-12 23:34:14 INFO  Log4j:30 - Opening the website:https://admin.slt-dev.attrecto-dev.com/login
2023-04-12 23:34:16 INFO  Log4j:30 - Enter email
2023-04-12 23:34:16 INFO  Log4j:30 - Enter password
2023-04-12 23:34:16 INFO  Log4j:30 - Click on login button
2023-04-12 23:34:16 INFO  Log4j:30 - Click on Login button
2023-04-12 23:34:18 INFO  Log4j:25 - Test is Ending...
2023-04-12 23:54:24 INFO  Log4j:20 - Test is Starting...
2023-04-12 23:54:24 INFO  Log4j:30 - Opening the website:https://admin.slt-dev.attrecto-dev.com/login
2023-04-12 23:54:25 INFO  Log4j:30 - Enter email
2023-04-12 23:54:26 INFO  Log4j:30 - Enter password
2023-04-12 23:54:26 INFO  Log4j:30 - Click on login button
2023-04-12 23:54:26 INFO  Log4j:30 - Click on Login button
2023-04-12 23:54:27 INFO  Log4j:25 - Test is Ending...
2023-04-13 00:02:42 INFO  Log4j:20 - Test is Starting...
2023-04-13 00:02:42 INFO  Log4j:30 - Opening the website:https://admin.slt-dev.attrecto-dev.com/login
2023-04-13 00:02:44 INFO  Log4j:30 - Enter email
2023-04-13 00:02:44 INFO  Log4j:30 - Enter password
2023-04-13 00:02:45 INFO  Log4j:30 - Click on login button
2023-04-13 00:02:45 INFO  Log4j:30 - Click on Login button
2023-04-13 00:02:46 INFO  Log4j:25 - Test is Ending...
2023-04-13 00:14:50 INFO  Log4j:20 - Test is Starting...
2023-04-13 00:14:50 INFO  Log4j:30 - Opening the website:https://admin.slt-dev.attrecto-dev.com/login
2023-04-13 00:14:52 INFO  Log4j:30 - Enter email
2023-04-13 00:14:53 INFO  Log4j:30 - Enter password
2023-04-13 00:14:53 INFO  Log4j:30 - Click on login button
2023-04-13 00:14:53 INFO  Log4j:30 - Click on Login button
2023-04-13 00:14:54 INFO  Log4j:25 - Test is Ending...
2023-04-13 00:17:42 INFO  Log4j:20 - Test is Starting...
2023-04-13 00:17:42 INFO  Log4j:30 - Opening the website:https://admin.slt-dev.attrecto-dev.com/login
2023-04-13 00:17:44 INFO  Log4j:30 - Enter email
2023-04-13 00:17:44 INFO  Log4j:30 - Enter password
2023-04-13 00:17:45 INFO  Log4j:30 - Click on login button
2023-04-13 00:17:45 INFO  Log4j:30 - Click on Login button
2023-04-13 00:17:46 INFO  Log4j:25 - Test is Ending...
2023-04-13 00:23:07 INFO  Log4j:20 - Test is Starting...
2023-04-13 00:23:07 INFO  Log4j:30 - Opening the website:https://admin.slt-dev.attrecto-dev.com/login
2023-04-13 00:23:08 INFO  Log4j:30 - Enter email
2023-04-13 00:23:09 INFO  Log4j:30 - Enter password
2023-04-13 00:23:09 INFO  Log4j:30 - Click on login button
2023-04-13 00:23:09 INFO  Log4j:30 - Click on Login button
2023-04-13 00:23:10 INFO  Log4j:25 - Test is Ending...
2023-04-13 00:45:59 INFO  Log4j:16 - Test is Starting...
2023-04-13 00:45:59 INFO  Log4j:26 - Opening the website:https://admin.slt-dev.attrecto-dev.com/login
2023-04-13 00:46:01 INFO  Log4j:26 - Enter email
2023-04-13 00:46:02 INFO  Log4j:26 - Enter password
2023-04-13 00:46:02 INFO  Log4j:26 - Click on login button
2023-04-13 00:46:02 INFO  Log4j:26 - Click on Login button
2023-04-13 00:46:12 INFO  Log4j:21 - Test is Ending...
2023-04-13 00:57:31 INFO  Log4j:16 - Test is Starting...
2023-04-13 00:57:31 INFO  Log4j:26 - Opening the website:https://admin.slt-dev.attrecto-dev.com/login
2023-04-13 00:57:33 INFO  Log4j:26 - Enter email
2023-04-13 00:57:33 INFO  Log4j:26 - Enter password
2023-04-13 00:57:33 INFO  Log4j:26 - Click on login button
2023-04-13 00:57:33 INFO  Log4j:26 - Click on Login button
2023-04-13 00:57:44 INFO  Log4j:21 - Test is Ending...
2023-04-13 01:00:32 INFO  Log4j:16 - Test is Starting...
2023-04-13 01:00:32 INFO  Log4j:26 - Opening the website:https://admin.slt-dev.attrecto-dev.com/login
2023-04-13 01:00:34 INFO  Log4j:26 - Enter email
2023-04-13 01:00:34 INFO  Log4j:26 - Enter password
2023-04-13 01:00:34 INFO  Log4j:26 - Click on login button
2023-04-13 01:00:34 INFO  Log4j:26 - Click on Login button
2023-04-13 01:00:45 INFO  Log4j:21 - Test is Ending...
2023-04-13 01:05:10 INFO  Log4j:16 - Test is Starting...
2023-04-13 01:05:10 INFO  Log4j:26 - Opening the website:https://admin.slt-dev.attrecto-dev.com/login
2023-04-13 01:05:12 INFO  Log4j:26 - Enter email
2023-04-13 01:05:13 INFO  Log4j:26 - Enter password
2023-04-13 01:05:13 INFO  Log4j:26 - Click on login button
2023-04-13 01:05:13 INFO  Log4j:26 - Click on Login button
2023-04-13 01:05:23 INFO  Log4j:21 - Test is Ending...
2023-04-13 02:18:39 INFO  Log4j:26 - Click on login button
2023-04-13 02:18:39 INFO  Log4j:26 - Click on Login button
2023-04-13 02:18:39 INFO  Log4j:16 - Test is Starting...
2023-04-13 02:18:39 INFO  Log4j:21 - Test is Ending...
2023-04-13 02:19:23 INFO  Log4j:26 - Click on login button
2023-04-13 02:19:23 INFO  Log4j:26 - Click on Login button
2023-04-13 02:19:23 INFO  Log4j:16 - Test is Starting...
2023-04-13 02:19:23 INFO  Log4j:21 - Test is Ending...
2023-04-13 02:20:38 INFO  Log4j:26 - Click on login button
2023-04-13 02:20:38 INFO  Log4j:26 - Click on Login button
2023-04-13 02:20:38 INFO  Log4j:16 - Test is Starting...
2023-04-13 02:20:38 INFO  Log4j:21 - Test is Ending...
2023-04-13 02:21:18 INFO  Log4j:16 - Test is Starting...
2023-04-13 02:21:18 INFO  Log4j:26 - Opening the website:https://admin.slt-dev.attrecto-dev.com/login
2023-04-13 02:21:21 INFO  Log4j:26 - Enter email
2023-04-13 02:21:21 INFO  Log4j:26 - Enter password
2023-04-13 02:21:21 INFO  Log4j:26 - Click on login button
2023-04-13 02:21:21 INFO  Log4j:26 - Click on Login button
2023-04-13 02:21:32 INFO  Log4j:21 - Test is Ending...
2023-04-13 02:35:42 INFO  Log4j:26 - Click on login button
2023-04-13 02:35:42 INFO  Log4j:26 - Click on Login button
2023-04-13 02:44:28 INFO  Log4j:26 - Click on login button
2023-04-13 02:44:28 INFO  Log4j:26 - Click on Login button
2023-04-13 03:07:56 INFO  Log4j:16 - Test is Starting...
2023-04-13 03:07:56 INFO  Log4j:26 - Opening the website:https://admin.slt-dev.attrecto-dev.com/login
2023-04-13 03:07:58 INFO  Log4j:26 - Enter email
2023-04-13 03:07:58 INFO  Log4j:26 - Enter password
2023-04-13 03:07:59 INFO  Log4j:26 - Click on login button
2023-04-13 03:07:59 INFO  Log4j:26 - Click on Login button
2023-04-13 03:08:09 INFO  Log4j:21 - Test is Ending...
2023-04-13 03:12:29 INFO  Log4j:16 - Test is Starting...
2023-04-13 03:12:29 INFO  Log4j:26 - Opening the website:https://admin.slt-dev.attrecto-dev.com/login
2023-04-13 03:12:31 INFO  Log4j:26 - Enter email
2023-04-13 03:12:31 INFO  Log4j:26 - Enter password
2023-04-13 03:12:31 INFO  Log4j:26 - Click on login button
2023-04-13 03:12:31 INFO  Log4j:26 - Click on Login button
2023-04-13 03:12:41 INFO  Log4j:21 - Test is Ending...
2023-04-13 03:13:18 INFO  Log4j:16 - Test is Starting...
2023-04-13 03:13:18 INFO  Log4j:26 - Opening the website:https://admin.slt-dev.attrecto-dev.com/login
2023-04-13 03:13:20 INFO  Log4j:26 - Enter email
2023-04-13 03:13:20 INFO  Log4j:26 - Enter password
2023-04-13 03:13:20 INFO  Log4j:26 - Click on login button
2023-04-13 03:13:20 INFO  Log4j:26 - Click on Login button
2023-04-13 03:13:31 INFO  Log4j:21 - Test is Ending...
2023-04-13 03:21:07 INFO  Log4j:16 - Test is Starting...
2023-04-13 03:21:07 INFO  Log4j:26 - Opening the website:https://admin.slt-dev.attrecto-dev.com/login
2023-04-13 03:21:09 INFO  Log4j:26 - Enter email
2023-04-13 03:21:09 INFO  Log4j:26 - Enter password
2023-04-13 03:21:09 INFO  Log4j:26 - Click on login button
2023-04-13 03:21:09 INFO  Log4j:26 - Click on Login button
2023-04-13 03:21:20 INFO  Log4j:21 - Test is Ending...
2023-04-14 21:43:10 INFO  Log4j:16 - Test is Starting...
2023-04-14 21:43:10 INFO  Log4j:21 - Test is Ending...
2023-04-14 22:03:24 INFO  Log4j:16 - Test is Starting...
2023-04-14 22:03:24 INFO  Log4j:21 - Test is Ending...
2023-04-14 22:04:47 INFO  Log4j:16 - Test is Starting...
2023-04-14 22:04:47 INFO  Log4j:21 - Test is Ending...
2023-04-14 22:08:13 INFO  Log4j:16 - Test is Starting...
2023-04-14 22:08:13 INFO  Log4j:26 - Opening the website:https://admin.slt-dev.attrecto-dev.com/login
2023-04-14 22:08:16 INFO  Log4j:26 - Enter email
2023-04-14 22:08:17 INFO  Log4j:26 - Enter password
2023-04-14 22:08:17 INFO  Log4j:26 - Click on login button
2023-04-14 22:08:17 INFO  Log4j:26 - Click on Login button
2023-04-14 22:08:27 INFO  Log4j:21 - Test is Ending...
2023-04-14 22:08:59 INFO  Log4j:16 - Test is Starting...
2023-04-14 22:09:00 INFO  Log4j:21 - Test is Ending...
2023-04-14 22:11:01 INFO  Log4j:16 - Test is Starting...
2023-04-14 22:11:02 INFO  Log4j:21 - Test is Ending...
2023-04-14 22:12:54 INFO  Log4j:16 - Test is Starting...
2023-04-14 22:12:54 INFO  Log4j:26 - Opening the website:https://admin.slt-dev.attrecto-dev.com/login
2023-04-14 22:12:56 INFO  Log4j:26 - Enter email
2023-04-14 22:12:56 INFO  Log4j:26 - Enter password
2023-04-14 22:12:57 INFO  Log4j:26 - Click on login button
2023-04-14 22:12:57 INFO  Log4j:26 - Click on Login button
2023-04-14 22:13:07 INFO  Log4j:21 - Test is Ending...
2023-04-14 22:13:17 INFO  Log4j:16 - Test is Starting...
2023-04-14 22:13:19 INFO  Log4j:21 - Test is Ending...
2023-04-14 22:43:51 INFO  Log4j:16 - Test is Starting...
2023-04-14 22:43:54 INFO  Log4j:21 - Test is Ending...
2023-04-14 23:38:31 INFO  Log4j:16 - Test is Starting...
2023-04-14 23:38:32 INFO  Log4j:21 - Test is Ending...
2023-04-14 23:40:43 INFO  Log4j:16 - Test is Starting...
2023-04-14 23:40:44 INFO  Log4j:21 - Test is Ending...
2023-04-14 23:44:16 INFO  Log4j:16 - Test is Starting...
2023-04-14 23:44:17 INFO  Log4j:21 - Test is Ending...
2023-04-14 23:45:33 INFO  Log4j:16 - Test is Starting...
2023-04-14 23:45:33 INFO  Log4j:21 - Test is Ending...
2023-04-14 23:52:31 INFO  Log4j:16 - Test is Starting...
2023-04-14 23:52:33 INFO  Log4j:21 - Test is Ending...
2023-04-14 23:59:28 INFO  Log4j:16 - Test is Starting...
2023-04-14 23:59:29 INFO  Log4j:21 - Test is Ending...
2023-04-15 00:26:44 INFO  Log4j:16 - Test is Starting...
2023-04-15 00:26:45 INFO  Log4j:21 - Test is Ending...
2023-04-15 00:27:46 INFO  Log4j:16 - Test is Starting...
2023-04-15 00:27:47 INFO  Log4j:21 - Test is Ending...
2023-04-15 00:32:19 INFO  Log4j:16 - Test is Starting...
2023-04-15 00:32:20 INFO  Log4j:21 - Test is Ending...
2023-04-15 00:40:48 INFO  Log4j:16 - Test is Starting...
2023-04-15 00:40:49 INFO  Log4j:21 - Test is Ending...
2023-04-15 00:40:49 INFO  Log4j:16 - Test is Starting...
2023-04-15 00:40:50 INFO  Log4j:21 - Test is Ending...
2023-04-15 00:42:07 INFO  Log4j:16 - Test is Starting...
2023-04-15 00:42:08 INFO  Log4j:21 - Test is Ending...
2023-04-15 00:42:08 INFO  Log4j:16 - Test is Starting...
2023-04-15 00:42:09 INFO  Log4j:21 - Test is Ending...
2023-04-15 00:42:24 INFO  Log4j:16 - Test is Starting...
2023-04-15 00:42:25 INFO  Log4j:21 - Test is Ending...
2023-04-15 00:42:25 INFO  Log4j:16 - Test is Starting...
2023-04-15 00:42:26 INFO  Log4j:21 - Test is Ending...
2023-04-15 00:48:53 INFO  Log4j:16 - Test is Starting...
2023-04-15 00:48:54 INFO  Log4j:21 - Test is Ending...
2023-04-15 00:48:54 INFO  Log4j:16 - Test is Starting...
2023-04-15 00:48:54 INFO  Log4j:21 - Test is Ending...
2023-04-15 00:49:18 INFO  Log4j:16 - Test is Starting...
2023-04-15 00:49:19 INFO  Log4j:21 - Test is Ending...
2023-04-15 01:12:58 INFO  Log4j:16 - Test is Starting...
2023-04-15 01:13:00 INFO  Log4j:21 - Test is Ending...
2023-04-15 01:17:21 INFO  Log4j:16 - Test is Starting...
2023-04-15 01:17:23 INFO  Log4j:21 - Test is Ending...
2023-04-15 01:19:57 INFO  Log4j:16 - Test is Starting...
2023-04-15 01:19:59 INFO  Log4j:21 - Test is Ending...
2023-04-15 01:20:52 INFO  Log4j:16 - Test is Starting...
2023-04-15 01:20:53 INFO  Log4j:21 - Test is Ending...
2023-04-15 01:26:16 INFO  Log4j:16 - Test is Starting...
2023-04-15 01:26:18 INFO  Log4j:21 - Test is Ending...
2023-04-15 01:36:26 INFO  Log4j:16 - Test is Starting...
2023-04-15 01:36:28 INFO  Log4j:21 - Test is Ending...
2023-04-15 01:47:48 INFO  Log4j:16 - Test is Starting...
2023-04-15 01:47:50 INFO  Log4j:21 - Test is Ending...
2023-04-15 01:50:55 INFO  Log4j:16 - Test is Starting...
2023-04-15 01:50:57 INFO  Log4j:21 - Test is Ending...
2023-04-15 01:50:57 INFO  Log4j:16 - Test is Starting...
2023-04-15 01:50:59 INFO  Log4j:21 - Test is Ending...
2023-04-15 01:51:48 INFO  Log4j:16 - Test is Starting...
2023-04-15 01:51:49 INFO  Log4j:21 - Test is Ending...
2023-04-15 01:52:34 INFO  Log4j:16 - Test is Starting...
2023-04-15 01:52:36 INFO  Log4j:21 - Test is Ending...
2023-04-15 02:00:11 INFO  Log4j:16 - Test is Starting...
2023-04-15 02:00:13 INFO  Log4j:21 - Test is Ending...
2023-04-15 02:00:13 INFO  Log4j:16 - Test is Starting...
2023-04-15 02:00:17 INFO  Log4j:21 - Test is Ending...
2023-04-15 02:00:52 INFO  Log4j:16 - Test is Starting...
2023-04-15 02:01:00 INFO  Log4j:21 - Test is Ending...
2023-04-15 02:01:00 INFO  Log4j:16 - Test is Starting...
2023-04-15 02:01:05 INFO  Log4j:21 - Test is Ending...
